<?xml version="1.0" encoding="UTF-8"?>
<!-- Generated by org.testng.reporters.JUnitReportReporter -->
<testsuite skipped="1" hostname="sanket-s" name="testclasses.TestHomePage" tests="3" failures="0" timestamp="2023-06-05T08:44:56 IST" time="85.296" errors="0">
  <testcase name="TestTitle" time="48.063" classname="testclasses.TestHomePage"/>
  <system-out/>
  <testcase name="testContactsLink" time="37.233" classname="testclasses.TestHomePage"/>
  <system-out/>
  <testcase name="TestAccountUserTitle" classname="testclasses.TestHomePage">
    <skipped/>
  </testcase> <!-- TestAccountUserTitle -->
  <system-out/>
</testsuite> <!-- testclasses.TestHomePage -->
