<?xml version="1.0" encoding="UTF-8"?>
<!-- Generated by org.testng.reporters.JUnitReportReporter -->
<testsuite skipped="8" hostname="sanket-s" name="testclasses.TestCreateNewEvent" tests="9" failures="0" timestamp="2023-08-25T08:31:54 IST" time="52.264" errors="0">
  <testcase name="testRecurrenceSet" time="52.264" classname="testclasses.TestCreateNewEvent"/>
  <system-out/>
  <testcase name="testPrefilledAlertBefore" classname="testclasses.TestCreateNewEvent">
    <skipped/>
  </testcase> <!-- testPrefilledAlertBefore -->
  <system-out/>
  <testcase name="testPreselectedDate" classname="testclasses.TestCreateNewEvent">
    <skipped/>
  </testcase> <!-- testPreselectedDate -->
  <system-out/>
  <testcase name="testSelectCategory" classname="testclasses.TestCreateNewEvent">
    <skipped/>
  </testcase> <!-- testSelectCategory -->
  <system-out/>
  <testcase name="testSelectedParticipant" classname="testclasses.TestCreateNewEvent">
    <skipped/>
  </testcase> <!-- testSelectedParticipant -->
  <system-out/>
  <testcase name="testSelectEndDate" classname="testclasses.TestCreateNewEvent">
    <skipped/>
  </testcase> <!-- testSelectEndDate -->
  <system-out/>
  <testcase name="testEnterTags" classname="testclasses.TestCreateNewEvent">
    <skipped/>
  </testcase> <!-- testEnterTags -->
  <system-out/>
  <testcase name="enterEventTitle" classname="testclasses.TestCreateNewEvent">
    <skipped/>
  </testcase> <!-- enterEventTitle -->
  <system-out/>
  <testcase name="testSelectStartDate" classname="testclasses.TestCreateNewEvent">
    <skipped/>
  </testcase> <!-- testSelectStartDate -->
  <system-out/>
</testsuite> <!-- testclasses.TestCreateNewEvent -->
