<?xml version="1.0" encoding="UTF-8"?>
<!-- Generated by org.testng.reporters.JUnitReportReporter -->
<testsuite skipped="1" hostname="sanket-s" name="testclasses.TestLoginPage" tests="2" failures="0" timestamp="2023-08-25T08:25:01 IST" time="39.922" errors="0">
  <testcase name="LoginTest" time="39.922" classname="testclasses.TestLoginPage"/>
  <system-out/>
  <testcase name="LoginPageTitleTest" classname="testclasses.TestLoginPage">
    <skipped/>
  </testcase> <!-- LoginPageTitleTest -->
  <system-out/>
</testsuite> <!-- testclasses.TestLoginPage -->
