<?xml version="1.0" encoding="UTF-8"?>
<!-- Generated by org.testng.reporters.JUnitReportReporter -->
<testsuite skipped="7" hostname="sanket-s" name="testclasses.TestMainPage" tests="8" failures="0" timestamp="2023-08-15T17:05:06 IST" time="20.412" errors="0">
  <testcase name="TestLoginButton" time="20.412" classname="testclasses.TestMainPage"/>
  <system-out/>
  <testcase name="CRMDropdownOptionsTest" classname="testclasses.TestMainPage">
    <skipped/>
  </testcase> <!-- CRMDropdownOptionsTest -->
  <system-out/>
  <testcase name="logoTest" classname="testclasses.TestMainPage">
    <skipped/>
  </testcase> <!-- logoTest -->
  <system-out/>
  <testcase name="TestMessageBox" classname="testclasses.TestMainPage">
    <skipped/>
  </testcase> <!-- TestMessageBox -->
  <system-out/>
  <testcase name="mainPageTitleTest" classname="testclasses.TestMainPage">
    <skipped/>
  </testcase> <!-- mainPageTitleTest -->
  <system-out/>
  <testcase name="CRMDropdownSizeTest" classname="testclasses.TestMainPage">
    <skipped/>
  </testcase> <!-- CRMDropdownSizeTest -->
  <system-out/>
  <testcase name="signupLinkTest" classname="testclasses.TestMainPage">
    <skipped/>
  </testcase> <!-- signupLinkTest -->
  <system-out/>
  <testcase name="TestScrollButton" classname="testclasses.TestMainPage">
    <skipped/>
  </testcase> <!-- TestScrollButton -->
  <system-out/>
</testsuite> <!-- testclasses.TestMainPage -->
